<?xml version="1.0" encoding="UTF-8"?>
<testng-results ignored="0" total="1" passed="1" failed="0" skipped="0">
  <reporter-output>
  </reporter-output>
  <suite started-at="2024-05-13T15:11:32 IST" name="Default suite" finished-at="2024-05-13T15:11:36 IST" duration-ms="4150">
    <groups>
    </groups>
    <test started-at="2024-05-13T15:11:32 IST" name="Default test" finished-at="2024-05-13T15:11:36 IST" duration-ms="4150">
      <class name="ExtentReport.ExtentReport1">
        <test-method is-config="true" signature="configration()[pri:0, instance:ExtentReport.ExtentReport1@3c77d488]" started-at="2024-05-13T15:11:32 IST" name="configration" finished-at="2024-05-13T15:11:32 IST" duration-ms="392" status="PASS">
          <reporter-output>
          </reporter-output>
        </test-method> <!-- configration -->
        <test-method signature="initialDemo()[pri:0, instance:ExtentReport.ExtentReport1@3c77d488]" started-at="2024-05-13T15:11:32 IST" name="initialDemo" finished-at="2024-05-13T15:11:36 IST" duration-ms="3721" status="PASS">
          <reporter-output>
          </reporter-output>
        </test-method> <!-- initialDemo -->
      </class> <!-- ExtentReport.ExtentReport1 -->
    </test> <!-- Default test -->
  </suite> <!-- Default suite -->
</testng-results>
