<?xml version="1.0" encoding="UTF-8"?>
<testng-results ignored="4" total="4" passed="0" failed="0" skipped="0">
  <reporter-output>
  </reporter-output>
  <suite started-at="2024-04-30T15:18:07 IST" name="Suite" finished-at="2024-04-30T15:18:07 IST" duration-ms="78">
    <groups>
    </groups>
    <test started-at="2024-04-30T15:18:07 IST" name="SubmitOrderTest" finished-at="2024-04-30T15:18:07 IST" duration-ms="15">
    </test> <!-- SubmitOrderTest -->
    <test started-at="2024-04-30T15:18:07 IST" name="ErrorValidationTest" finished-at="2024-04-30T15:18:07 IST" duration-ms="1">
    </test> <!-- ErrorValidationTest -->
  </suite> <!-- Suite -->
</testng-results>
