<?xml version="1.0" encoding="UTF-8"?>
<testng-results ignored="0" total="3" passed="3" failed="0" skipped="0">
  <reporter-output>
  </reporter-output>
  <suite started-at="2024-03-14T07:21:58Z" name="Suite" finished-at="2024-03-14T07:22:07Z" duration-ms="9104">
    <groups>
    </groups>
    <test started-at="2024-03-14T07:21:58Z" name="Test" finished-at="2024-03-14T07:22:07Z" duration-ms="9104">
      <class name="com.rahulshettypom.ErrorValidation">
        <test-method is-config="true" signature="launchApplication()[pri:0, instance:com.rahulshettypom.ErrorValidation@67d18ed7]" started-at="2024-03-14T07:21:58Z" name="launchApplication" finished-at="2024-03-14T07:22:01Z" duration-ms="2759" status="PASS">
          <reporter-output>
          </reporter-output>
        </test-method> <!-- launchApplication -->
        <test-method signature="submitOrder()[pri:0, instance:com.rahulshettypom.ErrorValidation@67d18ed7]" started-at="2024-03-14T07:22:01Z" name="submitOrder" finished-at="2024-03-14T07:22:01Z" duration-ms="254" status="PASS">
          <reporter-output>
          </reporter-output>
        </test-method> <!-- submitOrder -->
      </class> <!-- com.rahulshettypom.ErrorValidation -->
      <class name="com.rahulshettypom.SubmitOrderTest">
        <test-method is-config="true" signature="launchApplication()[pri:0, instance:com.rahulshettypom.SubmitOrderTest@5c44c582]" started-at="2024-03-14T07:21:58Z" name="launchApplication" finished-at="2024-03-14T07:22:02Z" duration-ms="4110" status="PASS">
          <reporter-output>
          </reporter-output>
        </test-method> <!-- launchApplication -->
        <test-method signature="submitOrder()[pri:0, instance:com.rahulshettypom.SubmitOrderTest@5c44c582]" started-at="2024-03-14T07:22:02Z" name="submitOrder" finished-at="2024-03-14T07:22:05Z" duration-ms="2760" status="PASS">
          <reporter-output>
          </reporter-output>
        </test-method> <!-- submitOrder -->
        <test-method is-config="true" signature="launchApplication()[pri:0, instance:com.rahulshettypom.SubmitOrderTest@5c44c582]" started-at="2024-03-14T07:22:05Z" name="launchApplication" finished-at="2024-03-14T07:22:07Z" duration-ms="1548" status="PASS">
          <reporter-output>
          </reporter-output>
        </test-method> <!-- launchApplication -->
        <test-method signature="orderHistoryTest()[pri:0, instance:com.rahulshettypom.SubmitOrderTest@5c44c582]" started-at="2024-03-14T07:22:07Z" name="orderHistoryTest" finished-at="2024-03-14T07:22:07Z" depends-on-methods="com.rahulshettypom.SubmitOrderTest.submitOrder" duration-ms="656" status="PASS">
          <reporter-output>
          </reporter-output>
        </test-method> <!-- orderHistoryTest -->
      </class> <!-- com.rahulshettypom.SubmitOrderTest -->
    </test> <!-- Test -->
  </suite> <!-- Suite -->
</testng-results>
