<?xml version="1.0" encoding="UTF-8"?>
<testng-results ignored="0" total="1" passed="1" failed="0" skipped="0">
  <reporter-output>
  </reporter-output>
  <suite started-at="2024-03-15T13:48:35Z" name="Default suite" finished-at="2024-03-15T13:48:35Z" duration-ms="44">
    <groups>
    </groups>
    <test started-at="2024-03-15T13:48:35Z" name="Default test" finished-at="2024-03-15T13:48:35Z" duration-ms="44">
      <class name="rahulshetty.StandAloneTest">
        <test-method signature="testing()[pri:0, instance:rahulshetty.StandAloneTest@1b75c2e3]" started-at="2024-03-15T13:48:35Z" name="testing" finished-at="2024-03-15T13:48:35Z" duration-ms="14" status="PASS">
          <reporter-output>
          </reporter-output>
        </test-method> <!-- testing -->
      </class> <!-- rahulshetty.StandAloneTest -->
    </test> <!-- Default test -->
  </suite> <!-- Default suite -->
</testng-results>
