<?xml version="1.0" encoding="UTF-8"?>
<!-- Generated by org.testng.reporters.JUnitXMLReporter -->
<testsuite ignored="2" hostname="Hemlata" failures="0" tests="0" time="0.001" errors="0" timestamp="2024-04-30T15:18:07 IST">
  <testcase classname="com.practicepom.ErrorValidation" name="LoginErrorValidation" time="0.0">
    <ignored/>
  </testcase> <!-- LoginErrorValidation -->
  <testcase classname="com.practicepom.ErrorValidation" name="StandAloneTest" time="0.0">
    <ignored/>
  </testcase> <!-- StandAloneTest -->
</testsuite>
