<?xml version="1.0" encoding="UTF-8"?>
<!-- Generated by org.testng.reporters.JUnitXMLReporter -->
<testsuite ignored="0" hostname="Hemlata" failures="0" tests="3" name="Test" time="9.104" errors="0" timestamp="14 Mar 2024 07:22:07 GMT">
  <testcase classname="com.rahulshettypom.ErrorValidation" name="submitOrder" time="0.254"/>
  <testcase classname="com.rahulshettypom.SubmitOrderTest" name="submitOrder" time="2.76"/>
  <testcase classname="com.rahulshettypom.SubmitOrderTest" name="orderHistoryTest" time="0.656"/>
</testsuite> <!-- Test -->
